TN:
SF:/Users/yan/jslib-book/jslib-book-code/cp3/clone/src/index.js
FN:6,clone
FNF:1
FNH:1
FNDA:11,clone
DA:4,1
DA:7,11
DA:8,11
DA:9,7
DA:14,4
DA:15,2
DA:16,2
DA:17,2
DA:18,2
DA:22,2
DA:23,2
DA:24,3
DA:28,4
LF:13
LH:13
BRDA:8,0,0,7
BRDA:8,0,1,4
BRDA:8,1,0,11
BRDA:8,1,1,9
BRDA:14,2,0,2
BRDA:14,2,1,2
BRDA:17,3,0,2
BRDA:17,3,1,0
BRF:8
BRH:7
end_of_record
TN:
SF:/Users/yan/jslib-book/jslib-book-code/cp3/clone/src/type.js
FN:1,type
FNF:1
FNH:1
FNDA:11,type
DA:2,11
LF:1
LH:1
BRF:0
BRH:0
end_of_record
